app/build/outputs/logs/manifest-merger-debug-report.txt
-- Merging decision tree log ---
manifest
ADDED from src\main\AndroidManifest.xml:2:1-40:12
	xmlns:android
		ADDED from src\main\AndroidManifest.xml:2:11-69
	package
		ADDED from src\main\AndroidManifest.xml:3:5-40
		INJECTED from src\main\AndroidManifest.xml
		INJECTED from src\main\AndroidManifest.xml
	android:versionName
		INJECTED from src\main\AndroidManifest.xml
		INJECTED from src\main\AndroidManifest.xml
	android:versionCode
		INJECTED from src\main\AndroidManifest.xml
		INJECTED from src\main\AndroidManifest.xml
uses-permission#android.permission.READ_EXTERNAL_STORAGE
ADDED from src\main\AndroidManifest.xml:5:5-80
MERGED from [com.adobe.creativesdk:image:4.4.8] AndroidManifest.xml:22:5-80
	android:name
		ADDED from src\main\AndroidManifest.xml:5:22-77
uses-permission#android.permission.WRITE_EXTERNAL_STORAGE
ADDED from src\main\AndroidManifest.xml:6:5-80
MERGED from [com.adobe.creativesdk:image:4.4.8] AndroidManifest.xml:21:5-81
	android:name
		ADDED from src\main\AndroidManifest.xml:6:22-78
uses-permission#android.permission.INTERNET
ADDED from src\main\AndroidManifest.xml:7:5-66
MERGED from [com.google.android.gms:play-services-maps:8.4.0] AndroidManifest.xml:21:5-66
MERGED from [com.adobe.creativesdk.foundation:auth:0.9.7] AndroidManifest.xml:17:5-67
MERGED from [com.adobe.creativesdk:image:4.4.8] AndroidManifest.xml:20:5-67
MERGED from [com.adobe.creativesdk.foundation:auth:0.9.7] AndroidManifest.xml:17:5-67
	android:name
		ADDED from src\main\AndroidManifest.xml:7:22-64
uses-permission#android.permission.ACCESS_COARSE_LOCATION
ADDED from src\main\AndroidManifest.xml:8:5-80
	android:name
		ADDED from src\main\AndroidManifest.xml:8:22-78
uses-permission#android.permission.ACCESS_FINE_LOCATION
ADDED from src\main\AndroidManifest.xml:9:5-79
	android:name
		ADDED from src\main\AndroidManifest.xml:9:22-76
uses-permission#android.permission.READ_CONTACTS
ADDED from src\main\AndroidManifest.xml:10:5-72
	android:name
		ADDED from src\main\AndroidManifest.xml:10:22-69
uses-permission#android.permission.WRITE_CONTACTS
ADDED from src\main\AndroidManifest.xml:11:5-73
	android:name
		ADDED from src\main\AndroidManifest.xml:11:22-70
application
ADDED from src\main\AndroidManifest.xml:13:5-32:19
MERGED from [com.android.support:appcompat-v7:23.1.1] AndroidManifest.xml:22:5-20
MERGED from [com.android.support:support-v4:23.1.1] AndroidManifest.xml:22:5-20
MERGED from [com.android.support:support-v4:23.1.1] AndroidManifest.xml:22:5-20
MERGED from [com.google.android.gms:play-services-location:8.4.0] AndroidManifest.xml:19:5-20
MERGED from [com.google.android.gms:play-services-basement:8.4.0] AndroidManifest.xml:20:5-24:19
MERGED from [com.android.support:support-v4:23.1.1] AndroidManifest.xml:22:5-20
MERGED from [com.google.android.gms:play-services-maps:8.4.0] AndroidManifest.xml:27:5-20
MERGED from [com.google.android.gms:play-services-basement:8.4.0] AndroidManifest.xml:20:5-24:19
MERGED from [com.android.support:support-v4:23.1.1] AndroidManifest.xml:22:5-20
MERGED from [com.android.support:design:23.1.1] AndroidManifest.xml:22:5-20
MERGED from [com.android.support:appcompat-v7:23.1.1] AndroidManifest.xml:22:5-20
MERGED from [com.android.support:support-v4:23.1.1] AndroidManifest.xml:22:5-20
MERGED from [com.android.support:support-v4:23.1.1] AndroidManifest.xml:22:5-20
MERGED from [com.android.support:support-v4:23.1.1] AndroidManifest.xml:22:5-20
MERGED from [com.adobe.creativesdk.foundation:auth:0.9.7] AndroidManifest.xml:20:5-41:19
MERGED from [com.android.support:support-v4:23.1.1] AndroidManifest.xml:22:5-20
MERGED from [com.android.support:appcompat-v7:23.1.1] AndroidManifest.xml:22:5-20
MERGED from [com.android.support:support-v4:23.1.1] AndroidManifest.xml:22:5-20
MERGED from [com.android.support:appcompat-v7:23.1.1] AndroidManifest.xml:22:5-20
MERGED from [com.android.support:support-v4:23.1.1] AndroidManifest.xml:22:5-20
MERGED from [com.android.support:appcompat-v7:23.1.1] AndroidManifest.xml:22:5-20
MERGED from [com.android.support:support-v4:23.1.1] AndroidManifest.xml:22:5-20
MERGED from [com.adobe.creativesdk:image:4.4.8] AndroidManifest.xml:31:5-146:19
MERGED from [com.adobe.creativesdk.foundation:auth:0.9.7] AndroidManifest.xml:20:5-41:19
MERGED from [com.android.support:support-v4:23.1.1] AndroidManifest.xml:22:5-20
MERGED from [com.android.support:appcompat-v7:23.1.1] AndroidManifest.xml:22:5-20
MERGED from [com.android.support:support-v4:23.1.1] AndroidManifest.xml:22:5-20
MERGED from [com.android.support:appcompat-v7:23.1.1] AndroidManifest.xml:22:5-20
MERGED from [com.android.support:support-v4:23.1.1] AndroidManifest.xml:22:5-20
MERGED from [com.android.support:appcompat-v7:23.1.1] AndroidManifest.xml:22:5-20
MERGED from [com.android.support:support-v4:23.1.1] AndroidManifest.xml:22:5-20
MERGED from [com.android.support:appcompat-v7:23.1.1] AndroidManifest.xml:22:5-20
MERGED from [com.android.support:support-v4:23.1.1] AndroidManifest.xml:22:5-20
MERGED from [com.sothree.slidinguppanel:library:3.0.0] AndroidManifest.xml:9:5-20
MERGED from [com.android.support:support-v4:23.1.1] AndroidManifest.xml:22:5-20
MERGED from [com.android.support:palette-v7:23.1.1] AndroidManifest.xml:22:5-23:19
MERGED from [com.android.support:support-v4:23.1.1] AndroidManifest.xml:22:5-20
MERGED from [com.android.support:design:23.1.1] AndroidManifest.xml:22:5-20
MERGED from [com.android.support:appcompat-v7:23.1.1] AndroidManifest.xml:22:5-20
MERGED from [com.android.support:support-v4:23.1.1] AndroidManifest.xml:22:5-20
MERGED from [com.android.support:support-v4:23.1.1] AndroidManifest.xml:22:5-20
MERGED from [com.android.support:support-v4:23.1.1] AndroidManifest.xml:22:5-20
MERGED from [it.sephiroth.android.library.targettooltip:target-tooltip-library:1.3.11] AndroidManifest.xml:12:5-13:19
MERGED from [com.android.support:appcompat-v7:23.1.1] AndroidManifest.xml:22:5-20
MERGED from [com.android.support:support-v4:23.1.1] AndroidManifest.xml:22:5-20
MERGED from [it.sephiroth.android.library.picasso:picasso:2.5.2.4b] AndroidManifest.xml:11:5-20
MERGED from [it.sephiroth.android.exif:android-exif-extended:1.0.6] AndroidManifest.xml:11:5-12:19
MERGED from [it.sephiroth.android.library.disklrumulticache:disklrumulticache:1.0.6] AndroidManifest.xml:12:5-13:19
MERGED from [it.sephiroth.android.library.viewrevealanimator:view-reveal-animator:1.1.4] AndroidManifest.xml:11:5-12:19
MERGED from [com.android.support:support-v4:23.1.1] AndroidManifest.xml:22:5-20
MERGED from [com.timehop.stickyheadersrecyclerview:library:0.4.3] AndroidManifest.xml:12:5-20
MERGED from [com.android.support:support-v4:23.1.1] AndroidManifest.xml:22:5-20
MERGED from [com.android.support:appcompat-v7:23.1.1] AndroidManifest.xml:22:5-20
MERGED from [com.android.support:support-v4:23.1.1] AndroidManifest.xml:22:5-20
MERGED from [com.android.support:appcompat-v7:23.1.1] AndroidManifest.xml:22:5-20
MERGED from [com.android.support:support-v4:23.1.1] AndroidManifest.xml:22:5-20
MERGED from [com.getbase:floatingactionbutton:1.10.0] AndroidManifest.xml:12:5-20
MERGED from [com.adobe.creativesdk.aviary.common:common-ui:1.1.0] AndroidManifest.xml:11:5-20
MERGED from [com.android.support:appcompat-v7:23.1.1] AndroidManifest.xml:22:5-20
MERGED from [com.android.support:support-v4:23.1.1] AndroidManifest.xml:22:5-20
MERGED from [com.android.support:support-v4:23.1.1] AndroidManifest.xml:22:5-20
MERGED from [com.android.support:cardview-v7:23.1.1] AndroidManifest.xml:22:5-20
MERGED from [com.google.android.gms:play-services-basement:8.4.0] AndroidManifest.xml:20:5-24:19
MERGED from [com.android.support:support-v4:23.1.1] AndroidManifest.xml:22:5-20
MERGED from [it.sephiroth.android.library.imagezoom:imagezoom:2.2.4] AndroidManifest.xml:11:5-20
MERGED from [it.sephiroth.android.library.ab:ab-test:2.0.5] AndroidManifest.xml:11:5-20
MERGED from [com.infstory:proguard-annotations:1.0.2] AndroidManifest.xml:11:5-20
	android:supportsRtl
		ADDED from src\main\AndroidManifest.xml:17:9-35
	android:label
		ADDED from src\main\AndroidManifest.xml:16:9-41
	android:allowBackup
		ADDED from src\main\AndroidManifest.xml:14:9-35
	android:icon
		ADDED from src\main\AndroidManifest.xml:15:9-43
	android:theme
		ADDED from src\main\AndroidManifest.xml:18:9-40
	android:name
		ADDED from src\main\AndroidManifest.xml:19:9-41
activity#howhighami.com.howhighami.GalleryActivity
ADDED from src\main\AndroidManifest.xml:20:9-26:20
	android:name
		ADDED from src\main\AndroidManifest.xml:20:19-50
intent-filter#android.intent.action.MAIN+android.intent.category.LAUNCHER
ADDED from src\main\AndroidManifest.xml:21:13-25:29
action#android.intent.action.MAIN
ADDED from src\main\AndroidManifest.xml:22:17-69
	android:name
		ADDED from src\main\AndroidManifest.xml:22:25-66
category#android.intent.category.LAUNCHER
ADDED from src\main\AndroidManifest.xml:24:17-77
	android:name
		ADDED from src\main\AndroidManifest.xml:24:27-74
activity#howhighami.com.howhighami.PhotoEditorActivity
ADDED from src\main\AndroidManifest.xml:27:9-28:20
	android:name
		ADDED from src\main\AndroidManifest.xml:27:19-54
activity#howhighami.com.howhighami.AdobeEditor
ADDED from src\main\AndroidManifest.xml:29:9-31:20
	android:theme
		ADDED from src\main\AndroidManifest.xml:30:19-62
	android:name
		ADDED from src\main\AndroidManifest.xml:29:19-46
provider#com.aviary.android.feather.sdk.internal.cds.AviaryCdsProvider
ADDED from src\main\AndroidManifest.xml:35:5-38:36
	android:exported
		ADDED from src\main\AndroidManifest.xml:38:9-33
	android:authorities
		ADDED from src\main\AndroidManifest.xml:37:9-65
		INJECTED from src\main\AndroidManifest.xml
	android:name
		ADDED from src\main\AndroidManifest.xml:36:9-85
uses-sdk
INJECTED from src\main\AndroidManifest.xml reason: use-sdk injection requested
MERGED from [com.android.support:appcompat-v7:23.1.1] AndroidManifest.xml:20:5-43
MERGED from [com.android.support:support-v4:23.1.1] AndroidManifest.xml:20:5-43
MERGED from [com.android.support:recyclerview-v7:23.1.1] AndroidManifest.xml:20:5-43
MERGED from [com.android.support:support-v4:23.1.1] AndroidManifest.xml:20:5-43
MERGED from [com.google.android.gms:play-services-location:8.4.0] AndroidManifest.xml:18:5-42
MERGED from [com.google.android.gms:play-services-base:8.4.0] AndroidManifest.xml:18:5-42
MERGED from [com.google.android.gms:play-services-basement:8.4.0] AndroidManifest.xml:18:5-42
MERGED from [com.android.support:support-v4:23.1.1] AndroidManifest.xml:20:5-43
MERGED from [com.google.android.gms:play-services-maps:8.4.0] AndroidManifest.xml:26:5-42
MERGED from [com.google.android.gms:play-services-base:8.4.0] AndroidManifest.xml:18:5-42
MERGED from [com.google.android.gms:play-services-basement:8.4.0] AndroidManifest.xml:18:5-42
MERGED from [com.android.support:support-v4:23.1.1] AndroidManifest.xml:20:5-43
MERGED from [com.android.support:design:23.1.1] AndroidManifest.xml:20:5-43
MERGED from [com.android.support:appcompat-v7:23.1.1] AndroidManifest.xml:20:5-43
MERGED from [com.android.support:support-v4:23.1.1] AndroidManifest.xml:20:5-43
MERGED from [com.android.support:recyclerview-v7:23.1.1] AndroidManifest.xml:20:5-43
MERGED from [com.android.support:support-v4:23.1.1] AndroidManifest.xml:20:5-43
MERGED from [com.android.support:support-v4:23.1.1] AndroidManifest.xml:20:5-43
MERGED from [com.adobe.creativesdk.foundation:auth:0.9.7] AndroidManifest.xml:13:5-15:41
MERGED from [com.android.support:support-v4:23.1.1] AndroidManifest.xml:20:5-43
MERGED from [com.android.support:appcompat-v7:23.1.1] AndroidManifest.xml:20:5-43
MERGED from [com.android.support:support-v4:23.1.1] AndroidManifest.xml:20:5-43
MERGED from [com.github.fengdai:alertdialogpro-core:0.2.6] AndroidManifest.xml:8:5-10:41
MERGED from [com.android.support:appcompat-v7:23.1.1] AndroidManifest.xml:20:5-43
MERGED from [com.android.support:support-v4:23.1.1] AndroidManifest.xml:20:5-43
MERGED from [com.github.fengdai:alertdialogpro-theme-material:0.2.6] AndroidManifest.xml:8:5-10:41
MERGED from [com.github.fengdai:alertdialogpro-core:0.2.6] AndroidManifest.xml:8:5-10:41
MERGED from [com.android.support:appcompat-v7:23.1.1] AndroidManifest.xml:20:5-43
MERGED from [com.android.support:support-v4:23.1.1] AndroidManifest.xml:20:5-43
MERGED from [com.adobe.creativesdk:image:4.4.8] AndroidManifest.xml:8:5-10:41
MERGED from [com.adobe.creativesdk.foundation:auth:0.9.7] AndroidManifest.xml:13:5-15:41
MERGED from [com.android.support:support-v4:23.1.1] AndroidManifest.xml:20:5-43
MERGED from [com.android.support:appcompat-v7:23.1.1] AndroidManifest.xml:20:5-43
MERGED from [com.android.support:support-v4:23.1.1] AndroidManifest.xml:20:5-43
MERGED from [com.github.fengdai:alertdialogpro-core:0.2.6] AndroidManifest.xml:8:5-10:41
MERGED from [com.android.support:appcompat-v7:23.1.1] AndroidManifest.xml:20:5-43
MERGED from [com.android.support:support-v4:23.1.1] AndroidManifest.xml:20:5-43
MERGED from [com.github.fengdai:alertdialogpro-theme-material:0.2.6] AndroidManifest.xml:8:5-10:41
MERGED from [com.github.fengdai:alertdialogpro-core:0.2.6] AndroidManifest.xml:8:5-10:41
MERGED from [com.android.support:appcompat-v7:23.1.1] AndroidManifest.xml:20:5-43
MERGED from [com.android.support:support-v4:23.1.1] AndroidManifest.xml:20:5-43
MERGED from [com.github.fengdai:alertdialogpro-theme-material:0.2.6] AndroidManifest.xml:8:5-10:41
MERGED from [com.github.fengdai:alertdialogpro-core:0.2.6] AndroidManifest.xml:8:5-10:41
MERGED from [com.android.support:appcompat-v7:23.1.1] AndroidManifest.xml:20:5-43
MERGED from [com.android.support:support-v4:23.1.1] AndroidManifest.xml:20:5-43
MERGED from [com.sothree.slidinguppanel:library:3.0.0] AndroidManifest.xml:7:5-43
MERGED from [com.android.support:support-v4:23.1.1] AndroidManifest.xml:20:5-43
MERGED from [com.android.support:palette-v7:23.1.1] AndroidManifest.xml:20:5-43
MERGED from [com.android.support:support-v4:23.1.1] AndroidManifest.xml:20:5-43
MERGED from [com.android.support:design:23.1.1] AndroidManifest.xml:20:5-43
MERGED from [com.android.support:appcompat-v7:23.1.1] AndroidManifest.xml:20:5-43
MERGED from [com.android.support:support-v4:23.1.1] AndroidManifest.xml:20:5-43
MERGED from [com.android.support:recyclerview-v7:23.1.1] AndroidManifest.xml:20:5-43
MERGED from [com.android.support:support-v4:23.1.1] AndroidManifest.xml:20:5-43
MERGED from [com.android.support:support-v4:23.1.1] AndroidManifest.xml:20:5-43
MERGED from [it.sephiroth.android.library.targettooltip:target-tooltip-library:1.3.11] AndroidManifest.xml:8:5-10:41
MERGED from [com.android.support:appcompat-v7:23.1.1] AndroidManifest.xml:20:5-43
MERGED from [com.android.support:support-v4:23.1.1] AndroidManifest.xml:20:5-43
MERGED from [it.sephiroth.android.library.picasso:picasso:2.5.2.4b] AndroidManifest.xml:7:5-9:41
MERGED from [it.sephiroth.android.exif:android-exif-extended:1.0.6] AndroidManifest.xml:7:5-9:41
MERGED from [it.sephiroth.android.library.disklrumulticache:disklrumulticache:1.0.6] AndroidManifest.xml:8:5-10:41
MERGED from [it.sephiroth.android.library.viewrevealanimator:view-reveal-animator:1.1.4] AndroidManifest.xml:7:5-9:41
MERGED from [com.android.support:support-v4:23.1.1] AndroidManifest.xml:20:5-43
MERGED from [com.timehop.stickyheadersrecyclerview:library:0.4.3] AndroidManifest.xml:8:5-10:41
MERGED from [com.android.support:recyclerview-v7:23.1.1] AndroidManifest.xml:20:5-43
MERGED from [com.android.support:support-v4:23.1.1] AndroidManifest.xml:20:5-43
MERGED from [io.reactivex:rxandroid:1.0.1] AndroidManifest.xml:19:5-43
MERGED from [it.sephiroth:rxbroadcast:0.0.2] AndroidManifest.xml:6:5-44
MERGED from [com.android.support:appcompat-v7:23.1.1] AndroidManifest.xml:20:5-43
MERGED from [com.android.support:support-v4:23.1.1] AndroidManifest.xml:20:5-43
MERGED from [com.trello:rxlifecycle-components:0.3.0] AndroidManifest.xml:17:5-44
MERGED from [com.android.support:appcompat-v7:23.1.1] AndroidManifest.xml:20:5-43
MERGED from [com.android.support:support-v4:23.1.1] AndroidManifest.xml:20:5-43
MERGED from [com.trello:rxlifecycle:0.3.0] AndroidManifest.xml:17:5-44
MERGED from [com.jakewharton.rxbinding:rxbinding:0.2.0] AndroidManifest.xml:6:5-44
MERGED from [com.trello:rxlifecycle:0.3.0] AndroidManifest.xml:17:5-44
MERGED from [com.jakewharton.rxbinding:rxbinding:0.2.0] AndroidManifest.xml:6:5-44
MERGED from [com.jakewharton.rxbinding:rxbinding:0.2.0] AndroidManifest.xml:6:5-44
MERGED from [com.getbase:floatingactionbutton:1.10.0] AndroidManifest.xml:8:5-10:41
MERGED from [com.adobe.creativesdk.aviary.common:common-ui:1.1.0] AndroidManifest.xml:7:5-9:41
MERGED from [com.android.support:appcompat-v7:23.1.1] AndroidManifest.xml:20:5-43
MERGED from [com.android.support:support-v4:23.1.1] AndroidManifest.xml:20:5-43
MERGED from [com.android.support:recyclerview-v7:23.1.1] AndroidManifest.xml:20:5-43
MERGED from [com.android.support:support-v4:23.1.1] AndroidManifest.xml:20:5-43
MERGED from [com.android.support:cardview-v7:23.1.1] AndroidManifest.xml:20:5-43
MERGED from [com.google.android.gms:play-services-base:8.4.0] AndroidManifest.xml:18:5-42
MERGED from [com.google.android.gms:play-services-basement:8.4.0] AndroidManifest.xml:18:5-42
MERGED from [com.android.support:support-v4:23.1.1] AndroidManifest.xml:20:5-43
MERGED from [it.sephiroth.android.library.imagezoom:imagezoom:2.2.4] AndroidManifest.xml:7:5-9:41
MERGED from [it.sephiroth.android.library.ab:ab-test:2.0.5] AndroidManifest.xml:7:5-9:41
MERGED from [com.infstory:proguard-annotations:1.0.2] AndroidManifest.xml:7:5-9:41
	android:targetSdkVersion
		INJECTED from src\main\AndroidManifest.xml
		INJECTED from src\main\AndroidManifest.xml
	android:minSdkVersion
		INJECTED from src\main\AndroidManifest.xml
		INJECTED from src\main\AndroidManifest.xml
meta-data#com.google.android.gms.version
ADDED from [com.google.android.gms:play-services-basement:8.4.0] AndroidManifest.xml:21:9-23:69
MERGED from [com.google.android.gms:play-services-basement:8.4.0] AndroidManifest.xml:21:9-23:69
MERGED from [com.google.android.gms:play-services-basement:8.4.0] AndroidManifest.xml:21:9-23:69
	android:name
		ADDED from [com.google.android.gms:play-services-basement:8.4.0] AndroidManifest.xml:22:13-58
	android:value
		ADDED from [com.google.android.gms:play-services-basement:8.4.0] AndroidManifest.xml:23:13-66
uses-permission#android.permission.ACCESS_NETWORK_STATE
ADDED from [com.google.android.gms:play-services-maps:8.4.0] AndroidManifest.xml:20:5-78
MERGED from [com.adobe.creativesdk.foundation:auth:0.9.7] AndroidManifest.xml:18:5-79
MERGED from [com.adobe.creativesdk.foundation:auth:0.9.7] AndroidManifest.xml:18:5-79
	android:name
		ADDED from [com.google.android.gms:play-services-maps:8.4.0] AndroidManifest.xml:20:22-76
uses-feature#0x00020000
ADDED from [com.google.android.gms:play-services-maps:8.4.0] AndroidManifest.xml:22:5-24:33
	android:required
		ADDED from [com.google.android.gms:play-services-maps:8.4.0] AndroidManifest.xml:24:8-31
	android:glEsVersion
		ADDED from [com.google.android.gms:play-services-maps:8.4.0] AndroidManifest.xml:23:8-40
activity#com.adobe.creativesdk.foundation.internal.auth.AdobeAuthSignInActivity
ADDED from [com.adobe.creativesdk.foundation:auth:0.9.7] AndroidManifest.xml:21:9-28:20
MERGED from [com.adobe.creativesdk:image:4.4.8] AndroidManifest.xml:135:9-138:39
MERGED from [com.adobe.creativesdk.foundation:auth:0.9.7] AndroidManifest.xml:21:9-28:20
	android:windowSoftInputMode
		ADDED from [com.adobe.creativesdk.foundation:auth:0.9.7] AndroidManifest.xml:27:13-80
	android:label
		ADDED from [com.adobe.creativesdk.foundation:auth:0.9.7] AndroidManifest.xml:24:13-62
	android:multiprocess
		ADDED from [com.adobe.creativesdk.foundation:auth:0.9.7] AndroidManifest.xml:25:13-40
	android:theme
		ADDED from [com.adobe.creativesdk.foundation:auth:0.9.7] AndroidManifest.xml:26:13-58
	android:exported
		ADDED from [com.adobe.creativesdk.foundation:auth:0.9.7] AndroidManifest.xml:23:13-37
	android:excludeFromRecents
		ADDED from [com.adobe.creativesdk:image:4.4.8] AndroidManifest.xml:137:13-46
	android:taskAffinity
		ADDED from [com.adobe.creativesdk:image:4.4.8] AndroidManifest.xml:138:13-36
	android:name
		ADDED from [com.adobe.creativesdk.foundation:auth:0.9.7] AndroidManifest.xml:22:13-98
supports-screens
ADDED from [com.adobe.creativesdk:image:4.4.8] AndroidManifest.xml:13:5-17:40
	android:largeScreens
		ADDED from [com.adobe.creativesdk:image:4.4.8] AndroidManifest.xml:14:9-36
	android:normalScreens
		ADDED from [com.adobe.creativesdk:image:4.4.8] AndroidManifest.xml:15:9-37
	android:xlargeScreens
		ADDED from [com.adobe.creativesdk:image:4.4.8] AndroidManifest.xml:17:9-37
	android:smallScreens
		ADDED from [com.adobe.creativesdk:image:4.4.8] AndroidManifest.xml:16:9-37
uses-permission#android.permission.BROADCAST_STICKY
ADDED from [com.adobe.creativesdk:image:4.4.8] AndroidManifest.xml:23:5-75
	android:name
		ADDED from [com.adobe.creativesdk:image:4.4.8] AndroidManifest.xml:23:22-72
uses-permission#android.permission.SEND_DOWNLOAD_COMPLETED_INTENTS
ADDED from [com.adobe.creativesdk:image:4.4.8] AndroidManifest.xml:24:5-90
	android:name
		ADDED from [com.adobe.creativesdk:image:4.4.8] AndroidManifest.xml:24:22-87
uses-permission#com.android.vending.BILLING
ADDED from [com.adobe.creativesdk:image:4.4.8] AndroidManifest.xml:25:5-67
	android:name
		ADDED from [com.adobe.creativesdk:image:4.4.8] AndroidManifest.xml:25:22-64
activity#com.adobe.creativesdk.aviary.AdobeImageEditorActivity
ADDED from [com.adobe.creativesdk:image:4.4.8] AndroidManifest.xml:32:9-61:20
	android:screenOrientation
		ADDED from [com.adobe.creativesdk:image:4.4.8] AndroidManifest.xml:36:13-52
	android:configChanges
		ADDED from [com.adobe.creativesdk:image:4.4.8] AndroidManifest.xml:34:13-74
	android:theme
		ADDED from [com.adobe.creativesdk:image:4.4.8] AndroidManifest.xml:37:13-62
	android:name
		ADDED from [com.adobe.creativesdk:image:4.4.8] AndroidManifest.xml:33:13-81
	android:finishOnTaskLaunch
		ADDED from [com.adobe.creativesdk:image:4.4.8] AndroidManifest.xml:35:13-46
intent-filter#android.intent.category.DEFAULT+aviary.intent.action.EDIT
ADDED from [com.adobe.creativesdk:image:4.4.8] AndroidManifest.xml:38:13-44:29
action#aviary.intent.action.EDIT
ADDED from [com.adobe.creativesdk:image:4.4.8] AndroidManifest.xml:39:17-68
	android:name
		ADDED from [com.adobe.creativesdk:image:4.4.8] AndroidManifest.xml:39:25-65
category#android.intent.category.DEFAULT
ADDED from [com.adobe.creativesdk:image:4.4.8] AndroidManifest.xml:41:17-76
	android:name
		ADDED from [com.adobe.creativesdk:image:4.4.8] AndroidManifest.xml:41:27-73
data
ADDED from [com.adobe.creativesdk:image:4.4.8] AndroidManifest.xml:43:17-52
	android:mimeType
		ADDED from [com.adobe.creativesdk:image:4.4.8] AndroidManifest.xml:43:23-49
service#com.adobe.creativesdk.aviary.internal.cds.CdsService
ADDED from [com.adobe.creativesdk:image:4.4.8] AndroidManifest.xml:69:9-79:19
	android:process
		ADDED from [com.adobe.creativesdk:image:4.4.8] AndroidManifest.xml:72:13-35
	android:exported
		ADDED from [com.adobe.creativesdk:image:4.4.8] AndroidManifest.xml:71:13-37
	android:name
		ADDED from [com.adobe.creativesdk:image:4.4.8] AndroidManifest.xml:70:13-80
intent-filter#aviary.intent.action.CDS_DOWNLOAD_START+aviary.intent.action.CDS_RESTORE_OWNED_PACKS+aviary.intent.action.CDS_RESTORE_USER_ITEMS+aviary.intent.action.CDS_VERIFY_SUBSCRIPTIONS
ADDED from [com.adobe.creativesdk:image:4.4.8] AndroidManifest.xml:73:13-78:29
action#aviary.intent.action.CDS_VERIFY_SUBSCRIPTIONS
ADDED from [com.adobe.creativesdk:image:4.4.8] AndroidManifest.xml:74:17-88
	android:name
		ADDED from [com.adobe.creativesdk:image:4.4.8] AndroidManifest.xml:74:25-85
action#aviary.intent.action.CDS_DOWNLOAD_START
ADDED from [com.adobe.creativesdk:image:4.4.8] AndroidManifest.xml:75:17-82
	android:name
		ADDED from [com.adobe.creativesdk:image:4.4.8] AndroidManifest.xml:75:25-79
action#aviary.intent.action.CDS_RESTORE_USER_ITEMS
ADDED from [com.adobe.creativesdk:image:4.4.8] AndroidManifest.xml:76:17-86
	android:name
		ADDED from [com.adobe.creativesdk:image:4.4.8] AndroidManifest.xml:76:25-83
action#aviary.intent.action.CDS_RESTORE_OWNED_PACKS
ADDED from [com.adobe.creativesdk:image:4.4.8] AndroidManifest.xml:77:17-87
	android:name
		ADDED from [com.adobe.creativesdk:image:4.4.8] AndroidManifest.xml:77:25-84
service#com.adobe.creativesdk.aviary.internal.cds.CdsAssetsDownloaderService
ADDED from [com.adobe.creativesdk:image:4.4.8] AndroidManifest.xml:80:9-87:19
	android:process
		ADDED from [com.adobe.creativesdk:image:4.4.8] AndroidManifest.xml:83:13-35
	android:exported
		ADDED from [com.adobe.creativesdk:image:4.4.8] AndroidManifest.xml:82:13-37
	android:name
		ADDED from [com.adobe.creativesdk:image:4.4.8] AndroidManifest.xml:81:13-96
intent-filter#aviary.intent.action.CDS_DOWNLOAD_EXTRA_ASSETS
ADDED from [com.adobe.creativesdk:image:4.4.8] AndroidManifest.xml:84:13-86:29
action#aviary.intent.action.CDS_DOWNLOAD_EXTRA_ASSETS
ADDED from [com.adobe.creativesdk:image:4.4.8] AndroidManifest.xml:85:17-89
	android:name
		ADDED from [com.adobe.creativesdk:image:4.4.8] AndroidManifest.xml:85:25-86
receiver#com.adobe.creativesdk.aviary.internal.cds.CdsReceiver
ADDED from [com.adobe.creativesdk:image:4.4.8] AndroidManifest.xml:93:9-106:20
	android:process
		ADDED from [com.adobe.creativesdk:image:4.4.8] AndroidManifest.xml:97:13-35
	android:exported
		ADDED from [com.adobe.creativesdk:image:4.4.8] AndroidManifest.xml:95:13-36
	android:permission
		ADDED from [com.adobe.creativesdk:image:4.4.8] AndroidManifest.xml:96:13-84
	android:name
		ADDED from [com.adobe.creativesdk:image:4.4.8] AndroidManifest.xml:94:13-81
intent-filter#android.intent.action.ACTION_POWER_CONNECTED+android.intent.action.ACTION_POWER_DISCONNECTED+android.intent.action.DOWNLOAD_COMPLETE+android.intent.action.MY_PACKAGE_REPLACED+android.net.wifi.STATE_CHANGE+aviary.android.cds.intent.action.ACTION_NOTIFICATION_DISMISS
ADDED from [com.adobe.creativesdk:image:4.4.8] AndroidManifest.xml:98:13-105:29
action#android.intent.action.DOWNLOAD_COMPLETE
ADDED from [com.adobe.creativesdk:image:4.4.8] AndroidManifest.xml:99:17-82
	android:name
		ADDED from [com.adobe.creativesdk:image:4.4.8] AndroidManifest.xml:99:25-79
action#android.net.wifi.STATE_CHANGE
ADDED from [com.adobe.creativesdk:image:4.4.8] AndroidManifest.xml:100:17-72
	android:name
		ADDED from [com.adobe.creativesdk:image:4.4.8] AndroidManifest.xml:100:25-69
action#android.intent.action.ACTION_POWER_CONNECTED
ADDED from [com.adobe.creativesdk:image:4.4.8] AndroidManifest.xml:101:17-87
	android:name
		ADDED from [com.adobe.creativesdk:image:4.4.8] AndroidManifest.xml:101:25-84
action#android.intent.action.ACTION_POWER_DISCONNECTED
ADDED from [com.adobe.creativesdk:image:4.4.8] AndroidManifest.xml:102:17-90
	android:name
		ADDED from [com.adobe.creativesdk:image:4.4.8] AndroidManifest.xml:102:25-87
action#android.intent.action.MY_PACKAGE_REPLACED
ADDED from [com.adobe.creativesdk:image:4.4.8] AndroidManifest.xml:103:17-84
	android:name
		ADDED from [com.adobe.creativesdk:image:4.4.8] AndroidManifest.xml:103:25-81
action#aviary.android.cds.intent.action.ACTION_NOTIFICATION_DISMISS
ADDED from [com.adobe.creativesdk:image:4.4.8] AndroidManifest.xml:104:17-103
	android:name
		ADDED from [com.adobe.creativesdk:image:4.4.8] AndroidManifest.xml:104:25-100
service#com.adobe.creativesdk.aviary.AdobeImageBillingService
ADDED from [com.adobe.creativesdk:image:4.4.8] AndroidManifest.xml:108:9-114:19
	android:exported
		ADDED from [com.adobe.creativesdk:image:4.4.8] AndroidManifest.xml:110:13-37
	android:name
		ADDED from [com.adobe.creativesdk:image:4.4.8] AndroidManifest.xml:109:13-81
intent-filter#aviary.intent.action.AVIARY_CONTENT_MANAGER
ADDED from [com.adobe.creativesdk:image:4.4.8] AndroidManifest.xml:111:13-113:29
action#aviary.intent.action.AVIARY_CONTENT_MANAGER
ADDED from [com.adobe.creativesdk:image:4.4.8] AndroidManifest.xml:112:17-86
	android:name
		ADDED from [com.adobe.creativesdk:image:4.4.8] AndroidManifest.xml:112:25-83
provider#com.adobe.creativesdk.aviary.internal.cds.CdsProvider
ADDED from [com.adobe.creativesdk:image:4.4.8] AndroidManifest.xml:122:9-125:40
	android:exported
		ADDED from [com.adobe.creativesdk:image:4.4.8] AndroidManifest.xml:125:13-37
	android:authorities
		ADDED from [com.adobe.creativesdk:image:4.4.8] AndroidManifest.xml:124:13-63
	android:name
		ADDED from [com.adobe.creativesdk:image:4.4.8] AndroidManifest.xml:123:13-81